TN:
SF:src/App.tsx
FN:1,(empty-report)
FNF:1
FNH:0
FNDA:0,(empty-report)
DA:1,0
DA:2,0
DA:3,0
DA:4,0
DA:5,0
DA:6,0
DA:7,0
DA:14,0
DA:15,0
DA:16,0
DA:17,0
DA:18,0
DA:19,0
DA:21,0
DA:22,0
DA:23,0
DA:25,0
DA:26,0
DA:29,0
DA:30,0
DA:32,0
DA:33,0
DA:34,0
DA:35,0
DA:36,0
DA:38,0
DA:39,0
DA:41,0
DA:43,0
DA:44,0
DA:45,0
DA:47,0
DA:48,0
DA:49,0
DA:50,0
DA:51,0
DA:52,0
DA:53,0
DA:54,0
DA:55,0
DA:56,0
DA:57,0
DA:58,0
DA:59,0
DA:60,0
DA:61,0
DA:62,0
DA:63,0
DA:64,0
DA:65,0
DA:67,0
DA:68,0
DA:70,0
DA:71,0
DA:72,0
DA:73,0
DA:74,0
DA:76,0
DA:77,0
DA:79,0
DA:80,0
DA:81,0
DA:82,0
DA:83,0
DA:84,0
DA:87,0
DA:88,0
DA:89,0
DA:91,0
DA:92,0
DA:93,0
DA:94,0
DA:95,0
DA:97,0
DA:98,0
DA:99,0
DA:102,0
DA:103,0
DA:105,0
DA:106,0
DA:107,0
DA:110,0
DA:111,0
DA:114,0
DA:117,0
DA:118,0
DA:119,0
DA:120,0
DA:122,0
DA:124,0
DA:125,0
DA:126,0
DA:127,0
DA:128,0
DA:131,0
DA:132,0
DA:133,0
DA:134,0
DA:135,0
DA:136,0
DA:137,0
DA:138,0
DA:139,0
DA:140,0
DA:143,0
DA:144,0
DA:145,0
DA:146,0
DA:147,0
DA:150,0
DA:151,0
DA:152,0
DA:153,0
DA:154,0
DA:155,0
DA:156,0
DA:157,0
DA:158,0
DA:159,0
DA:162,0
DA:164,0
DA:165,0
DA:166,0
DA:167,0
DA:168,0
DA:169,0
DA:170,0
DA:171,0
DA:172,0
DA:174,0
DA:175,0
DA:176,0
DA:177,0
DA:178,0
DA:179,0
DA:181,0
DA:182,0
DA:183,0
DA:184,0
DA:187,0
DA:189,0
LF:141
LH:0
BRDA:1,0,0,0
BRF:1
BRH:0
end_of_record
TN:
SF:src/components/Canvas.tsx
FN:1,(empty-report)
FNF:1
FNH:0
FNDA:0,(empty-report)
DA:1,0
DA:9,0
DA:10,0
DA:13,0
DA:14,0
DA:15,0
DA:18,0
DA:19,0
DA:20,0
DA:23,0
DA:24,0
DA:25,0
DA:27,0
DA:28,0
DA:30,0
DA:32,0
DA:34,0
DA:35,0
DA:38,0
DA:41,0
DA:42,0
DA:45,0
DA:48,0
DA:49,0
DA:50,0
DA:51,0
DA:54,0
DA:55,0
LF:28
LH:0
BRDA:1,0,0,0
BRF:1
BRH:0
end_of_record
TN:
SF:src/simulation/flocking.ts
FN:1,(empty-report)
FNF:1
FNH:0
FNDA:0,(empty-report)
DA:1,0
DA:24,0
DA:25,0
DA:26,0
DA:27,0
DA:28,0
DA:29,0
DA:30,0
DA:31,0
DA:32,0
DA:33,0
DA:34,0
DA:35,0
DA:36,0
DA:37,0
DA:38,0
DA:39,0
DA:41,0
DA:42,0
DA:43,0
DA:44,0
DA:45,0
DA:46,0
DA:47,0
DA:48,0
DA:49,0
DA:50,0
DA:51,0
DA:52,0
DA:53,0
DA:54,0
DA:55,0
DA:56,0
DA:58,0
DA:59,0
DA:60,0
DA:61,0
DA:62,0
DA:63,0
DA:64,0
DA:65,0
DA:66,0
DA:67,0
DA:68,0
DA:70,0
DA:71,0
DA:72,0
DA:73,0
DA:74,0
DA:76,0
DA:77,0
DA:78,0
DA:79,0
DA:80,0
DA:81,0
DA:82,0
DA:84,0
DA:85,0
DA:86,0
DA:87,0
DA:88,0
DA:90,0
DA:92,0
DA:93,0
DA:94,0
DA:95,0
DA:96,0
DA:97,0
DA:98,0
DA:99,0
DA:100,0
DA:102,0
DA:103,0
DA:104,0
DA:105,0
DA:106,0
DA:108,0
DA:110,0
DA:111,0
DA:112,0
DA:113,0
DA:114,0
DA:116,0
DA:117,0
DA:118,0
DA:119,0
DA:121,0
DA:122,0
DA:123,0
DA:125,0
DA:126,0
DA:127,0
DA:128,0
LF:93
LH:0
BRDA:1,0,0,0
BRF:1
BRH:0
end_of_record
TN:
SF:src/simulation/particles.ts
FN:12,updateParticle
FN:42,updateParticles
FNF:2
FNH:2
FNDA:543,updateParticle
FNDA:105,updateParticles
DA:12,1
DA:14,543
DA:15,543
DA:16,543
DA:17,543
DA:20,543
DA:21,543
DA:22,543
DA:23,543
DA:26,543
DA:27,543
DA:28,543
DA:29,543
DA:30,543
DA:31,543
DA:32,543
DA:42,1
DA:43,105
DA:44,105
DA:45,105
DA:46,105
LF:21
LH:21
BRDA:12,0,0,543
BRDA:42,1,0,105
BRDA:45,2,0,519
BRF:3
BRH:3
end_of_record
TN:
SF:src/simulation/physics.ts
FN:8,updateBoid
FN:21,updatePredator
FN:34,wrapBoidPosition
FNF:3
FNH:3
FNDA:16,updateBoid
FNDA:10,updatePredator
FNDA:22,wrapBoidPosition
DA:1,1
DA:8,1
DA:9,16
DA:10,16
DA:12,16
DA:13,16
DA:14,16
DA:15,16
DA:16,16
DA:17,16
DA:19,16
DA:21,1
DA:22,10
DA:23,10
DA:25,10
DA:26,10
DA:27,10
DA:28,10
DA:29,10
DA:30,10
DA:32,10
DA:34,1
DA:35,22
DA:36,22
DA:39,22
DA:40,22
DA:43,22
DA:44,22
DA:46,22
DA:47,22
DA:48,22
DA:49,22
DA:50,22
LF:33
LH:33
BRDA:8,0,0,16
BRDA:21,1,0,10
BRDA:34,2,0,22
BRDA:39,3,0,9
BRDA:40,4,0,4
BRDA:43,5,0,7
BRDA:44,6,0,2
BRF:7
BRH:7
end_of_record
TN:
SF:src/simulation/predatorAI.ts
FN:15,calculateCenterOfMass
FN:24,findIsolatedBoid
FN:41,avoidBoundaries
FN:61,patrolBehaviour
FN:74,stalkBehaviour
FN:89,strikeBehaviour
FN:98,cooldownBehaviour
FN:104,updatePredatorState
FN:130,stateBasedSpeedModifier
FNF:9
FNH:2
FNDA:4,calculateCenterOfMass
FNDA:5,findIsolatedBoid
FNDA:0,avoidBoundaries
FNDA:0,patrolBehaviour
FNDA:0,stalkBehaviour
FNDA:0,strikeBehaviour
FNDA:0,cooldownBehaviour
FNDA:0,updatePredatorState
FNDA:0,stateBasedSpeedModifier
DA:1,1
DA:15,1
DA:16,4
DA:17,4
DA:18,4
DA:19,4
DA:20,4
DA:21,4
DA:22,4
DA:24,1
DA:25,5
DA:27,4
DA:28,4
DA:30,4
DA:31,9
DA:32,9
DA:33,5
DA:34,5
DA:35,5
DA:36,4
DA:38,4
DA:39,4
DA:41,1
DA:42,0
DA:43,0
DA:45,0
DA:46,0
DA:47,0
DA:48,0
DA:49,0
DA:50,0
DA:51,0
DA:52,0
DA:53,0
DA:54,0
DA:55,0
DA:56,0
DA:57,0
DA:58,0
DA:61,1
DA:63,0
DA:64,0
DA:66,0
DA:67,0
DA:68,0
DA:69,0
DA:70,0
DA:71,0
DA:74,1
DA:75,0
DA:76,0
DA:77,0
DA:79,0
DA:80,0
DA:81,0
DA:82,0
DA:83,0
DA:84,0
DA:85,0
DA:87,0
DA:89,1
DA:90,0
DA:91,0
DA:92,0
DA:94,0
DA:95,0
DA:96,0
DA:98,1
DA:99,0
DA:100,0
DA:101,0
DA:102,0
DA:104,1
DA:105,0
DA:106,0
DA:108,0
DA:109,0
DA:110,0
DA:111,0
DA:113,0
DA:114,0
DA:115,0
DA:116,0
DA:117,0
DA:119,0
DA:120,0
DA:122,0
DA:123,0
DA:124,0
DA:125,0
DA:127,0
DA:128,0
DA:130,1
DA:131,0
DA:132,0
DA:133,0
DA:134,0
DA:135,0
DA:136,0
DA:137,0
DA:138,0
DA:139,0
DA:140,0
DA:141,0
DA:142,0
DA:143,0
LF:106
LH:29
BRDA:15,0,0,4
BRDA:16,1,0,8
BRDA:17,2,0,8
BRDA:24,3,0,5
BRDA:25,4,0,1
BRDA:25,5,0,4
BRDA:30,6,0,9
BRDA:32,7,0,5
BRF:8
BRH:8
end_of_record
TN:
SF:src/simulation/quadtree.ts
FN:12,<instance_members_initializer>
FN:22,QuadTree
FN:28,insert
FN:55,subdivide
FN:105,query
FN:119,queryRadius
FN:128,rectangleContainsVector
FN:137,rectangleIntersectsRectangle
FNF:8
FNH:7
FNDA:125,<instance_members_initializer>
FNDA:125,QuadTree
FNDA:443,insert
FNDA:26,subdivide
FNDA:75,query
FNDA:0,queryRadius
FNDA:1226,rectangleContainsVector
FNDA:79,rectangleIntersectsRectangle
DA:12,1
DA:13,125
DA:14,125
DA:15,125
DA:16,125
DA:17,125
DA:18,125
DA:19,125
DA:20,125
DA:22,125
DA:23,125
DA:24,125
DA:26,125
DA:28,125
DA:29,443
DA:30,442
DA:31,244
DA:32,244
DA:33,442
DA:34,198
DA:35,26
DA:36,26
DA:38,198
DA:39,198
DA:40,55
DA:41,198
DA:42,43
DA:43,198
DA:44,45
DA:45,198
DA:46,55
DA:47,198
DA:48,0
DA:49,198
DA:50,198
DA:51,442
DA:52,1
DA:53,443
DA:55,125
DA:56,26
DA:57,26
DA:58,26
DA:59,26
DA:60,26
DA:61,26
DA:62,26
DA:64,26
DA:65,26
DA:66,26
DA:67,26
DA:68,26
DA:69,26
DA:71,26
DA:72,26
DA:73,26
DA:74,26
DA:75,26
DA:76,26
DA:78,26
DA:79,26
DA:80,26
DA:81,26
DA:82,26
DA:83,26
DA:85,26
DA:86,26
DA:87,94
DA:88,94
DA:89,36
DA:90,36
DA:91,94
DA:92,18
DA:93,18
DA:94,94
DA:95,16
DA:96,16
DA:97,94
DA:98,24
DA:99,24
DA:100,94
DA:101,94
DA:102,26
DA:103,26
DA:105,125
DA:106,75
DA:107,75
DA:108,66
DA:109,66
DA:110,75
DA:111,17
DA:112,17
DA:113,17
DA:114,17
DA:115,17
DA:116,36
DA:117,75
DA:119,125
DA:120,0
DA:121,0
DA:122,0
DA:123,0
DA:124,0
DA:125,0
DA:126,0
DA:128,125
DA:129,1226
DA:130,1226
DA:131,1145
DA:132,910
DA:133,906
DA:135,1226
DA:137,125
DA:138,79
DA:139,79
DA:140,70
DA:141,52
DA:142,47
DA:144,79
DA:146,125
LF:119
LH:111
BRDA:12,0,0,125
BRDA:22,1,0,125
BRDA:28,2,0,443
BRDA:29,3,0,442
BRDA:30,4,0,244
BRDA:33,5,0,198
BRDA:34,6,0,26
BRDA:39,7,0,55
BRDA:39,8,0,198
BRDA:41,9,0,43
BRDA:41,10,0,143
BRDA:43,11,0,45
BRDA:43,12,0,100
BRDA:45,13,0,55
BRDA:47,14,0,0
BRDA:51,15,0,1
BRDA:55,16,0,26
BRDA:86,17,0,94
BRDA:88,18,0,36
BRDA:91,19,0,18
BRDA:94,20,0,16
BRDA:97,21,0,24
BRDA:105,22,0,75
BRDA:106,23,0,39
BRDA:106,24,0,36
BRDA:107,25,0,66
BRDA:108,26,0,27
BRDA:109,27,0,36
BRDA:110,28,0,17
BRDA:115,29,0,36
BRDA:128,30,0,1226
BRDA:130,31,0,1145
BRDA:131,32,0,910
BRDA:132,33,0,906
BRDA:137,34,0,79
BRDA:139,35,0,70
BRDA:140,36,0,52
BRDA:141,37,0,47
BRF:38
BRH:37
end_of_record
TN:
SF:src/utils/colorUtils.ts
FN:1,(empty-report)
FNF:1
FNH:1
FNDA:1,(empty-report)
DA:5,0
DA:8,0
DA:10,0
DA:12,0
DA:13,0
DA:14,0
DA:16,0
DA:20,0
DA:23,0
DA:26,0
DA:28,0
DA:29,0
DA:34,0
DA:36,0
DA:37,0
DA:38,0
DA:40,0
DA:41,0
LF:18
LH:0
BRDA:1,0,0,1
BRF:1
BRH:1
end_of_record
TN:
SF:src/utils/vector.ts
FN:11,addVectors
FN:18,subtractVectors
FN:25,distanceBetweenVectors
FN:34,lengthVector
FN:38,normaliseVector
FN:46,limitVector
FN:55,multiplyVector
FN:59,divideVector
FNF:8
FNH:6
FNDA:59,addVectors
FNDA:6,subtractVectors
FNDA:6,distanceBetweenVectors
FNDA:80,lengthVector
FNDA:25,normaliseVector
FNDA:35,limitVector
FNDA:0,multiplyVector
FNDA:0,divideVector
DA:11,1
DA:12,59
DA:13,59
DA:18,1
DA:19,6
DA:20,6
DA:25,1
DA:26,6
DA:27,6
DA:28,6
DA:29,6
DA:34,1
DA:35,80
DA:36,80
DA:38,1
DA:39,25
DA:40,25
DA:41,1
DA:42,1
DA:43,24
DA:44,24
DA:46,1
DA:47,35
DA:48,35
DA:49,13
DA:50,13
DA:51,13
DA:52,22
DA:53,22
DA:55,1
DA:56,0
DA:57,0
DA:59,1
DA:60,0
DA:61,0
DA:62,0
LF:36
LH:31
BRDA:11,0,0,59
BRDA:18,1,0,6
BRDA:25,2,0,6
BRDA:34,3,0,80
BRDA:38,4,0,25
BRDA:40,5,0,1
BRDA:42,6,0,24
BRDA:46,7,0,35
BRDA:48,8,0,13
BRDA:51,9,0,22
BRF:10
BRH:10
end_of_record
